00:00:00.027334 VirtualBox VM 6.1.36 r152435 linux.amd64 (Jul 19 2022 22:20:57) release log
00:00:00.027357 Log opened 2022-08-28T19:26:28.710415000Z
00:00:00.027357 Build Type: release
00:00:00.027362 OS Product: Linux
00:00:00.027363 OS Release: 5.15.0-46-generic
00:00:00.027364 OS Version: #49-Ubuntu SMP Thu Aug 4 18:03:25 UTC 2022
00:00:00.027396 DMI Product Name: VMware Virtual Platform
00:00:00.027425 DMI Product Version: None
00:00:00.027445 Firmware type: BIOS
00:00:00.027504 Host RAM: 4387MB (4.2GB) total, 1477MB available
00:00:00.027507 Executable: /usr/lib/virtualbox/VBoxHeadless
00:00:00.027507 Process ID: 8351
00:00:00.027507 Package type: LINUX_64BITS_UBUNTU_22_04
00:00:00.030150 Installed Extension Packs:
00:00:00.030170   None installed!
00:00:00.030948 Console: Machine state changed to 'Starting'
00:00:00.034577 VRDE: VirtualBox Remote Desktop Extension is not available.
00:00:00.045269 SUP: Opened VMMR0.r0 (/usr/lib/virtualbox/VMMR0.r0) at 0xXXXXXXXXXXXXXXXX.
00:00:00.051894 Guest OS type: 'Debian_64'
00:00:00.059098 fHMForced=true - No raw-mode support in this build!
00:00:00.083241 File system of '/home/a_guy/Demo_Project/JumpBox/Snapshots' (snapshots) is unknown
00:00:00.083306 File system of '/home/a_guy/Demo_Project/JumpBox/.vdi' is ext4
00:00:00.163062 Shared Clipboard: Service loaded
00:00:00.163095 Shared Clipboard: Mode: Off
00:00:00.163223 Shared Clipboard: Service running in headless mode
00:00:00.165663 Drag and drop service loaded
00:00:00.165687 Drag and drop mode: Off
00:00:00.172182 ************************* CFGM dump *************************
00:00:00.172187 [/] (level 0)
00:00:00.172195   CpuExecutionCap   <integer> = 0x0000000000000064 (100)
00:00:00.172352   EnablePAE         <integer> = 0x0000000000000001 (1)
00:00:00.172354   HMEnabled         <integer> = 0x0000000000000001 (1)
00:00:00.172354   MemBalloonSize    <integer> = 0x0000000000000000 (0)
00:00:00.172355   Name              <string>  = "JumpBox" (cb=8)
00:00:00.172356   NumCPUs           <integer> = 0x0000000000000001 (1)
00:00:00.172357   PageFusionAllowed <integer> = 0x0000000000000000 (0)
00:00:00.172357   RamHoleSize       <integer> = 0x0000000020000000 (536 870 912, 512 MB)
00:00:00.172359   RamSize           <integer> = 0x0000000040000000 (1 073 741 824, 1 024 MB)
00:00:00.172360   TimerMillies      <integer> = 0x000000000000000a (10)
00:00:00.172361   UUID              <bytes>   = "12 25 2c 44 8a 63 75 4a 96 7e a6 8b 21 f0 24 4a" (cb=16)
00:00:00.172365 
00:00:00.172368 [/CPUM/] (level 1)
00:00:00.172370   GuestCpuName       <string>  = "host" (cb=5)
00:00:00.172370   NestedHWVirt       <integer> = 0x0000000000000000 (0)
00:00:00.172371   PortableCpuIdLevel <integer> = 0x0000000000000000 (0)
00:00:00.172372   SpecCtrl           <integer> = 0x0000000000000000 (0)
00:00:00.172373 
00:00:00.172373 [/CPUM/IsaExts/] (level 2)
00:00:00.172374 
00:00:00.172375 [/DBGC/] (level 1)
00:00:00.172376   GlobalInitScript <string>  = "/home/a_guy/.config/VirtualBox/dbgc-init" (cb=41)
00:00:00.172377   HistoryFile      <string>  = "/home/a_guy/.config/VirtualBox/dbgc-history" (cb=44)
00:00:00.172377   LocalInitScript  <string>  = "/home/a_guy/Demo_Project/JumpBox/dbgc-init" (cb=43)
00:00:00.172378 
00:00:00.172378 [/DBGF/] (level 1)
00:00:00.172378   Path <string>  = "/home/a_guy/Demo_Project/JumpBox/debug/;/home/a_guy/Demo_Project/JumpBox/;cache*/home/a_guy/Demo_Project/JumpBox/dbgcache/;/home/a_guy/" (cb=136)
00:00:00.172379 
00:00:00.172379 [/Devices/] (level 1)
00:00:00.172380 
00:00:00.172380 [/Devices/8237A/] (level 2)
00:00:00.172381 
00:00:00.172381 [/Devices/8237A/0/] (level 3)
00:00:00.172382   Trusted <integer> = 0x0000000000000001 (1)
00:00:00.172383 
00:00:00.172383 [/Devices/GIMDev/] (level 2)
00:00:00.172383 
00:00:00.172384 [/Devices/GIMDev/0/] (level 3)
00:00:00.172385   Trusted <integer> = 0x0000000000000001 (1)
00:00:00.172385 
00:00:00.172385 [/Devices/VMMDev/] (level 2)
00:00:00.172386 
00:00:00.172386 [/Devices/VMMDev/0/] (level 3)
00:00:00.172387   PCIBusNo      <integer> = 0x0000000000000000 (0)
00:00:00.172388   PCIDeviceNo   <integer> = 0x0000000000000004 (4)
00:00:00.172388   PCIFunctionNo <integer> = 0x0000000000000000 (0)
00:00:00.172389   Trusted       <integer> = 0x0000000000000001 (1)
00:00:00.172389 
00:00:00.172390 [/Devices/VMMDev/0/Config/] (level 4)
00:00:00.172391   GuestCoreDumpDir <string>  = "/home/a_guy/Demo_Project/JumpBox/Snapshots" (cb=43)
00:00:00.172391 
00:00:00.172391 [/Devices/VMMDev/0/LUN#0/] (level 4)
00:00:00.172392   Driver <string>  = "HGCM" (cb=5)
00:00:00.172393 
00:00:00.172393 [/Devices/VMMDev/0/LUN#0/Config/] (level 5)
00:00:00.172394   Object <integer> = 0x00007fab90000bc0 (140 374 832 057 280)
00:00:00.172395 
00:00:00.172395 [/Devices/VMMDev/0/LUN#999/] (level 4)
00:00:00.172396   Driver <string>  = "MainStatus" (cb=11)
00:00:00.172396 
00:00:00.172397 [/Devices/VMMDev/0/LUN#999/Config/] (level 5)
00:00:00.172398   First   <integer> = 0x0000000000000000 (0)
00:00:00.172398   Last    <integer> = 0x0000000000000000 (0)
00:00:00.172399   papLeds <integer> = 0x00007fab9c002808 (140 375 033 391 112)
00:00:00.172400 
00:00:00.172400 [/Devices/acpi/] (level 2)
00:00:00.172401 
00:00:00.172401 [/Devices/acpi/0/] (level 3)
00:00:00.172402   PCIBusNo      <integer> = 0x0000000000000000 (0)
00:00:00.172403   PCIDeviceNo   <integer> = 0x0000000000000007 (7)
00:00:00.172403   PCIFunctionNo <integer> = 0x0000000000000000 (0)
00:00:00.172404   Trusted       <integer> = 0x0000000000000001 (1)
00:00:00.172404 
00:00:00.172404 [/Devices/acpi/0/Config/] (level 4)
00:00:00.172405   CpuHotPlug          <integer> = 0x0000000000000000 (0)
00:00:00.172406   FdcEnabled          <integer> = 0x0000000000000000 (0)
00:00:00.172407   HostBusPciAddress   <integer> = 0x0000000000000000 (0)
00:00:00.172407   HpetEnabled         <integer> = 0x0000000000000000 (0)
00:00:00.172408   IOAPIC              <integer> = 0x0000000000000001 (1)
00:00:00.172408   IocPciAddress       <integer> = 0x0000000000010000 (65 536)
00:00:00.172409   NumCPUs             <integer> = 0x0000000000000001 (1)
00:00:00.172410   Parallel0IoPortBase <integer> = 0x0000000000000000 (0)
00:00:00.172410   Parallel0Irq        <integer> = 0x0000000000000000 (0)
00:00:00.172411   Parallel1IoPortBase <integer> = 0x0000000000000000 (0)
00:00:00.172411   Parallel1Irq        <integer> = 0x0000000000000000 (0)
00:00:00.172412   Serial0IoPortBase   <integer> = 0x0000000000000000 (0)
00:00:00.172412   Serial0Irq          <integer> = 0x0000000000000000 (0)
00:00:00.172413   Serial1IoPortBase   <integer> = 0x0000000000000000 (0)
00:00:00.172414   Serial1Irq          <integer> = 0x0000000000000000 (0)
00:00:00.172414   ShowCpu             <integer> = 0x0000000000000001 (1)
00:00:00.172415   ShowRtc             <integer> = 0x0000000000000000 (0)
00:00:00.172415   SmcEnabled          <integer> = 0x0000000000000000 (0)
00:00:00.172416 
00:00:00.172416 [/Devices/acpi/0/LUN#0/] (level 4)
00:00:00.172417   Driver <string>  = "ACPIHost" (cb=9)
00:00:00.172417 
00:00:00.172418 [/Devices/acpi/0/LUN#0/Config/] (level 5)
00:00:00.172419 
00:00:00.172419 [/Devices/ahci/] (level 2)
00:00:00.172419 
00:00:00.172420 [/Devices/ahci/0/] (level 3)
00:00:00.172421   PCIBusNo      <integer> = 0x0000000000000000 (0)
00:00:00.172421   PCIDeviceNo   <integer> = 0x000000000000000d (13)
00:00:00.172422   PCIFunctionNo <integer> = 0x0000000000000000 (0)
00:00:00.172422   Trusted       <integer> = 0x0000000000000001 (1)
00:00:00.172423 
00:00:00.172423 [/Devices/ahci/0/Config/] (level 4)
00:00:00.172424   Bootable  <integer> = 0x0000000000000001 (1)
00:00:00.172425   PortCount <integer> = 0x000000000000001e (30)
00:00:00.172425 
00:00:00.172425 [/Devices/ahci/0/Config/Port0/] (level 5)
00:00:00.172427   Hotpluggable <integer> = 0x0000000000000000 (0)
00:00:00.172427 
00:00:00.172427 [/Devices/ahci/0/LUN#0/] (level 4)
00:00:00.172428   Driver <string>  = "VD" (cb=3)
00:00:00.172429 
00:00:00.172429 [/Devices/ahci/0/LUN#0/Config/] (level 5)
00:00:00.172431   BlockCache <integer> = 0x0000000000000001 (1)
00:00:00.172431   Format     <string>  = "VDI" (cb=4)
00:00:00.172432   Mountable  <integer> = 0x0000000000000000 (0)
00:00:00.172432   Path       <string>  = "/home/a_guy/Demo_Project/JumpBox/.vdi" (cb=38)
00:00:00.172433   Type       <string>  = "HardDisk" (cb=9)
00:00:00.172433   UseNewIo   <integer> = 0x0000000000000001 (1)
00:00:00.172434 
00:00:00.172434 [/Devices/ahci/0/LUN#0/Config/VDConfig/] (level 6)
00:00:00.172435 
00:00:00.172435 [/Devices/ahci/0/LUN#999/] (level 4)
00:00:00.172436   Driver <string>  = "MainStatus" (cb=11)
00:00:00.172437 
00:00:00.172437 [/Devices/ahci/0/LUN#999/Config/] (level 5)
00:00:00.172438   DeviceInstance        <string>  = "ahci/0" (cb=7)
00:00:00.172439   First                 <integer> = 0x0000000000000000 (0)
00:00:00.172439   Last                  <integer> = 0x000000000000001d (29)
00:00:00.172440   pConsole              <integer> = 0x00007fab9c001430 (140 375 033 386 032)
00:00:00.172441   papLeds               <integer> = 0x00007fab9c001c10 (140 375 033 388 048)
00:00:00.172442   pmapMediumAttachments <integer> = 0x00007fab9c002828 (140 375 033 391 144)
00:00:00.172443 
00:00:00.172444 [/Devices/apic/] (level 2)
00:00:00.172444 
00:00:00.172444 [/Devices/apic/0/] (level 3)
00:00:00.172445   Trusted <integer> = 0x0000000000000001 (1)
00:00:00.172446 
00:00:00.172446 [/Devices/apic/0/Config/] (level 4)
00:00:00.172447   IOAPIC  <integer> = 0x0000000000000001 (1)
00:00:00.172448   Mode    <integer> = 0x0000000000000003 (3)
00:00:00.172448   NumCPUs <integer> = 0x0000000000000001 (1)
00:00:00.172449 
00:00:00.172449 [/Devices/e1000/] (level 2)
00:00:00.172450 
00:00:00.172450 [/Devices/e1000/0/] (level 3)
00:00:00.172451   PCIBusNo      <integer> = 0x0000000000000000 (0)
00:00:00.172452   PCIDeviceNo   <integer> = 0x0000000000000003 (3)
00:00:00.172452   PCIFunctionNo <integer> = 0x0000000000000000 (0)
00:00:00.172453   Trusted       <integer> = 0x0000000000000001 (1)
00:00:00.172453 
00:00:00.172454 [/Devices/e1000/0/Config/] (level 4)
00:00:00.172454   AdapterType    <integer> = 0x0000000000000000 (0)
00:00:00.172455   CableConnected <integer> = 0x0000000000000001 (1)
00:00:00.172455   LineSpeed      <integer> = 0x0000000000000000 (0)
00:00:00.172456   MAC            <bytes>   = "08 00 27 35 71 0e" (cb=6)
00:00:00.172457 
00:00:00.172457 [/Devices/e1000/0/LUN#0/] (level 4)
00:00:00.172458   Driver <string>  = "NAT" (cb=4)
00:00:00.172459 
00:00:00.172459 [/Devices/e1000/0/LUN#0/Config/] (level 5)
00:00:00.172460   AliasMode       <integer> = 0x0000000000000000 (0)
00:00:00.172461   BootFile        <string>  = "JumpBox.pxe" (cb=12)
00:00:00.172461   DNSProxy        <integer> = 0x0000000000000000 (0)
00:00:00.172462   Network         <string>  = "10.0.2.0/24" (cb=12)
00:00:00.172462   PassDomain      <integer> = 0x0000000000000001 (1)
00:00:00.172463   TFTPPrefix      <string>  = "/home/a_guy/.config/VirtualBox/TFTP" (cb=36)
00:00:00.172463   UseHostResolver <integer> = 0x0000000000000000 (0)
00:00:00.172464 
00:00:00.172464 [/Devices/e1000/0/LUN#999/] (level 4)
00:00:00.172465   Driver <string>  = "MainStatus" (cb=11)
00:00:00.172465 
00:00:00.172465 [/Devices/e1000/0/LUN#999/Config/] (level 5)
00:00:00.172466   First   <integer> = 0x0000000000000000 (0)
00:00:00.172467   Last    <integer> = 0x0000000000000000 (0)
00:00:00.172467   papLeds <integer> = 0x00007fab9c0026e8 (140 375 033 390 824)
00:00:00.172468 
00:00:00.172469 [/Devices/i8254/] (level 2)
00:00:00.172469 
00:00:00.172470 [/Devices/i8254/0/] (level 3)
00:00:00.172471 
00:00:00.172471 [/Devices/i8254/0/Config/] (level 4)
00:00:00.172472 
00:00:00.172472 [/Devices/i8259/] (level 2)
00:00:00.172473 
00:00:00.172473 [/Devices/i8259/0/] (level 3)
00:00:00.172474   Trusted <integer> = 0x0000000000000001 (1)
00:00:00.172474 
00:00:00.172474 [/Devices/i8259/0/Config/] (level 4)
00:00:00.172475 
00:00:00.172475 [/Devices/ichac97/] (level 2)
00:00:00.172476 
00:00:00.172476 [/Devices/ichac97/0/] (level 3)
00:00:00.172477   PCIBusNo      <integer> = 0x0000000000000000 (0)
00:00:00.172478   PCIDeviceNo   <integer> = 0x0000000000000005 (5)
00:00:00.172479   PCIFunctionNo <integer> = 0x0000000000000000 (0)
00:00:00.172479   Trusted       <integer> = 0x0000000000000001 (1)
00:00:00.172480 
00:00:00.172480 [/Devices/ichac97/0/AudioConfig/] (level 4)
00:00:00.172481 
00:00:00.172481 [/Devices/ichac97/0/Config/] (level 4)
00:00:00.172482   Codec        <string>  = "STAC9700" (cb=9)
00:00:00.172482   DebugEnabled <integer> = 0x0000000000000000 (0)
00:00:00.172483 
00:00:00.172483 [/Devices/ichac97/0/LUN#0/] (level 4)
00:00:00.172484   Driver <string>  = "AUDIO" (cb=6)
00:00:00.172484 
00:00:00.172485 [/Devices/ichac97/0/LUN#0/AttachedDriver/] (level 5)
00:00:00.172486   Driver <string>  = "ALSAAudio" (cb=10)
00:00:00.172486 
00:00:00.172486 [/Devices/ichac97/0/LUN#0/AttachedDriver/Config/] (level 6)
00:00:00.172487 
00:00:00.172488 [/Devices/ichac97/0/LUN#0/Config/] (level 5)
00:00:00.172489   DriverName    <string>  = "ALSAAudio" (cb=10)
00:00:00.172489   InputEnabled  <integer> = 0x0000000000000000 (0)
00:00:00.172490   OutputEnabled <integer> = 0x0000000000000000 (0)
00:00:00.172490 
00:00:00.172490 [/Devices/ichac97/0/LUN#1/] (level 4)
00:00:00.172491   Driver <string>  = "AUDIO" (cb=6)
00:00:00.172492 
00:00:00.172492 [/Devices/ichac97/0/LUN#2/] (level 4)
00:00:00.172493   Driver <string>  = "AUDIO" (cb=6)
00:00:00.172493 
00:00:00.172493 [/Devices/ioapic/] (level 2)
00:00:00.172494 
00:00:00.172494 [/Devices/ioapic/0/] (level 3)
00:00:00.172495   Trusted <integer> = 0x0000000000000001 (1)
00:00:00.172495 
00:00:00.172496 [/Devices/ioapic/0/Config/] (level 4)
00:00:00.172496   NumCPUs <integer> = 0x0000000000000001 (1)
00:00:00.172497 
00:00:00.172497 [/Devices/mc146818/] (level 2)
00:00:00.172498 
00:00:00.172498 [/Devices/mc146818/0/] (level 3)
00:00:00.172499 
00:00:00.172499 [/Devices/mc146818/0/Config/] (level 4)
00:00:00.172500   UseUTC <integer> = 0x0000000000000000 (0)
00:00:00.172500 
00:00:00.172500 [/Devices/parallel/] (level 2)
00:00:00.172501 
00:00:00.172501 [/Devices/pcarch/] (level 2)
00:00:00.172502 
00:00:00.172502 [/Devices/pcarch/0/] (level 3)
00:00:00.172503   Trusted <integer> = 0x0000000000000001 (1)
00:00:00.172503 
00:00:00.172504 [/Devices/pcarch/0/Config/] (level 4)
00:00:00.172504 
00:00:00.172505 [/Devices/pcbios/] (level 2)
00:00:00.172505 
00:00:00.172506 [/Devices/pcbios/0/] (level 3)
00:00:00.172506   Trusted <integer> = 0x0000000000000001 (1)
00:00:00.172507 
00:00:00.172507 [/Devices/pcbios/0/Config/] (level 4)
00:00:00.172509   APIC               <integer> = 0x0000000000000001 (1)
00:00:00.172510   BootDevice0        <string>  = "DVD" (cb=4)
00:00:00.172510   BootDevice1        <string>  = "IDE" (cb=4)
00:00:00.172511   BootDevice2        <string>  = "NONE" (cb=5)
00:00:00.172511   BootDevice3        <string>  = "NONE" (cb=5)
00:00:00.172512   FloppyDevice       <string>  = "i82078" (cb=7)
00:00:00.172512   HardDiskDevice     <string>  = "piix3ide" (cb=9)
00:00:00.172513   IOAPIC             <integer> = 0x0000000000000001 (1)
00:00:00.172513   McfgBase           <integer> = 0x0000000000000000 (0)
00:00:00.172514   McfgLength         <integer> = 0x0000000000000000 (0)
00:00:00.172514   NumCPUs            <integer> = 0x0000000000000001 (1)
00:00:00.172515   PXEDebug           <integer> = 0x0000000000000000 (0)
00:00:00.172516   SataHardDiskDevice <string>  = "ahci" (cb=5)
00:00:00.172516   SataLUN1           <integer> = 0x0000000000000000 (0)
00:00:00.172517   UUID               <bytes>   = "12 25 2c 44 8a 63 75 4a 96 7e a6 8b 21 f0 24 4a" (cb=16)
00:00:00.172518   UuidLe             <integer> = 0x0000000000000001 (1)
00:00:00.172519 
00:00:00.172519 [/Devices/pcbios/0/Config/NetBoot/] (level 5)
00:00:00.172520 
00:00:00.172520 [/Devices/pcbios/0/Config/NetBoot/0/] (level 6)
00:00:00.172521   NIC           <integer> = 0x0000000000000000 (0)
00:00:00.172522   PCIBusNo      <integer> = 0x0000000000000000 (0)
00:00:00.172522   PCIDeviceNo   <integer> = 0x0000000000000003 (3)
00:00:00.172523   PCIFunctionNo <integer> = 0x0000000000000000 (0)
00:00:00.172523 
00:00:00.172524 [/Devices/pci/] (level 2)
00:00:00.172524 
00:00:00.172525 [/Devices/pci/0/] (level 3)
00:00:00.172525   Trusted <integer> = 0x0000000000000001 (1)
00:00:00.172526 
00:00:00.172526 [/Devices/pci/0/Config/] (level 4)
00:00:00.172527   IOAPIC <integer> = 0x0000000000000001 (1)
00:00:00.172527 
00:00:00.172528 [/Devices/pcibridge/] (level 2)
00:00:00.172528 
00:00:00.172529 [/Devices/pckbd/] (level 2)
00:00:00.172529 
00:00:00.172529 [/Devices/pckbd/0/] (level 3)
00:00:00.172530   Trusted <integer> = 0x0000000000000001 (1)
00:00:00.172531 
00:00:00.172531 [/Devices/pckbd/0/Config/] (level 4)
00:00:00.172532 
00:00:00.172532 [/Devices/pckbd/0/LUN#0/] (level 4)
00:00:00.172533   Driver <string>  = "KeyboardQueue" (cb=14)
00:00:00.172533 
00:00:00.172534 [/Devices/pckbd/0/LUN#0/AttachedDriver/] (level 5)
00:00:00.172535   Driver <string>  = "MainKeyboard" (cb=13)
00:00:00.172535 
00:00:00.172535 [/Devices/pckbd/0/LUN#0/AttachedDriver/Config/] (level 6)
00:00:00.172536   Object <integer> = 0x0000563ddc1a6e80 (94 823 685 713 536)
00:00:00.172537 
00:00:00.172537 [/Devices/pckbd/0/LUN#0/Config/] (level 5)
00:00:00.172538   QueueSize <integer> = 0x0000000000000040 (64)
00:00:00.172539 
00:00:00.172539 [/Devices/pckbd/0/LUN#1/] (level 4)
00:00:00.172540   Driver <string>  = "MouseQueue" (cb=11)
00:00:00.172540 
00:00:00.172540 [/Devices/pckbd/0/LUN#1/AttachedDriver/] (level 5)
00:00:00.172541   Driver <string>  = "MainMouse" (cb=10)
00:00:00.172542 
00:00:00.172542 [/Devices/pckbd/0/LUN#1/AttachedDriver/Config/] (level 6)
00:00:00.172543   Object <integer> = 0x00007fab9c006120 (140 375 033 405 728)
00:00:00.172544 
00:00:00.172544 [/Devices/pckbd/0/LUN#1/Config/] (level 5)
00:00:00.172545   QueueSize <integer> = 0x0000000000000080 (128)
00:00:00.172545 
00:00:00.172546 [/Devices/pcnet/] (level 2)
00:00:00.172546 
00:00:00.172547 [/Devices/piix3ide/] (level 2)
00:00:00.172547 
00:00:00.172547 [/Devices/piix3ide/0/] (level 3)
00:00:00.172548   PCIBusNo      <integer> = 0x0000000000000000 (0)
00:00:00.172549   PCIDeviceNo   <integer> = 0x0000000000000001 (1)
00:00:00.172549   PCIFunctionNo <integer> = 0x0000000000000001 (1)
00:00:00.172550   Trusted       <integer> = 0x0000000000000001 (1)
00:00:00.172550 
00:00:00.172550 [/Devices/piix3ide/0/Config/] (level 4)
00:00:00.172551   Type <string>  = "PIIX4" (cb=6)
00:00:00.172552 
00:00:00.172552 [/Devices/piix3ide/0/LUN#999/] (level 4)
00:00:00.172553   Driver <string>  = "MainStatus" (cb=11)
00:00:00.172553 
00:00:00.172553 [/Devices/piix3ide/0/LUN#999/Config/] (level 5)
00:00:00.172554   DeviceInstance        <string>  = "piix3ide/0" (cb=11)
00:00:00.172555   First                 <integer> = 0x0000000000000000 (0)
00:00:00.172555   Last                  <integer> = 0x0000000000000003 (3)
00:00:00.172556   pConsole              <integer> = 0x00007fab9c001430 (140 375 033 386 032)
00:00:00.172557   papLeds               <integer> = 0x00007fab9c001bf0 (140 375 033 388 016)
00:00:00.172558   pmapMediumAttachments <integer> = 0x00007fab9c002828 (140 375 033 391 144)
00:00:00.172559 
00:00:00.172559 [/Devices/serial/] (level 2)
00:00:00.172560 
00:00:00.172560 [/Devices/vga/] (level 2)
00:00:00.172561 
00:00:00.172561 [/Devices/vga/0/] (level 3)
00:00:00.172562   PCIBusNo      <integer> = 0x0000000000000000 (0)
00:00:00.172562   PCIDeviceNo   <integer> = 0x0000000000000002 (2)
00:00:00.172563   PCIFunctionNo <integer> = 0x0000000000000000 (0)
00:00:00.172563   Trusted       <integer> = 0x0000000000000001 (1)
00:00:00.172564 
00:00:00.172564 [/Devices/vga/0/Config/] (level 4)
00:00:00.172565   3DEnabled        <integer> = 0x0000000000000000 (0)
00:00:00.172565   CustomVideoModes <integer> = 0x0000000000000000 (0)
00:00:00.172566   FadeIn           <integer> = 0x0000000000000001 (1)
00:00:00.172567   FadeOut          <integer> = 0x0000000000000001 (1)
00:00:00.172567   HeightReduction  <integer> = 0x0000000000000000 (0)
00:00:00.172568   LogoFile         <string>  = "" (cb=1)
00:00:00.172568   LogoTime         <integer> = 0x0000000000000000 (0)
00:00:00.172569   MonitorCount     <integer> = 0x0000000000000001 (1)
00:00:00.172569   ShowBootMenu     <integer> = 0x0000000000000002 (2)
00:00:00.172570   VRamSize         <integer> = 0x0000000008000000 (134 217 728, 128 MB)
00:00:00.172571 
00:00:00.172571 [/Devices/vga/0/LUN#0/] (level 4)
00:00:00.172572   Driver <string>  = "MainDisplay" (cb=12)
00:00:00.172573 
00:00:00.172573 [/Devices/vga/0/LUN#0/Config/] (level 5)
00:00:00.172575   Object <integer> = 0x00007fab9c006d60 (140 375 033 408 864)
00:00:00.172576 
00:00:00.172576 [/Devices/vga/0/LUN#999/] (level 4)
00:00:00.172578   Driver <string>  = "MainStatus" (cb=11)
00:00:00.172578 
00:00:00.172579 [/Devices/vga/0/LUN#999/Config/] (level 5)
00:00:00.172580   First   <integer> = 0x0000000000000000 (0)
00:00:00.172581   Last    <integer> = 0x0000000000000000 (0)
00:00:00.172582   papLeds <integer> = 0x00007fab9c002820 (140 375 033 391 136)
00:00:00.172583 
00:00:00.172584 [/Devices/virtio-net/] (level 2)
00:00:00.172585 
00:00:00.172585 [/EM/] (level 1)
00:00:00.172586   TripleFaultReset <integer> = 0x0000000000000000 (0)
00:00:00.172587 
00:00:00.172587 [/GIM/] (level 1)
00:00:00.172588   Provider <string>  = "KVM" (cb=4)
00:00:00.172589 
00:00:00.172590 [/HM/] (level 1)
00:00:00.172595   64bitEnabled       <integer> = 0x0000000000000001 (1)
00:00:00.172596   EnableLargePages   <integer> = 0x0000000000000000 (0)
00:00:00.172597   EnableNestedPaging <integer> = 0x0000000000000001 (1)
00:00:00.172597   EnableUX           <integer> = 0x0000000000000001 (1)
00:00:00.172598   EnableVPID         <integer> = 0x0000000000000001 (1)
00:00:00.172599   Exclusive          <integer> = 0x0000000000000001 (1)
00:00:00.172599   HMForced           <integer> = 0x0000000000000001 (1)
00:00:00.172600   IBPBOnVMEntry      <integer> = 0x0000000000000000 (0)
00:00:00.172600   IBPBOnVMExit       <integer> = 0x0000000000000000 (0)
00:00:00.172601   L1DFlushOnSched    <integer> = 0x0000000000000001 (1)
00:00:00.172602   L1DFlushOnVMEntry  <integer> = 0x0000000000000000 (0)
00:00:00.172602   MDSClearOnSched    <integer> = 0x0000000000000001 (1)
00:00:00.172603   MDSClearOnVMEntry  <integer> = 0x0000000000000000 (0)
00:00:00.172603   SpecCtrlByHost     <integer> = 0x0000000000000000 (0)
00:00:00.172604   UseNEMInstead      <integer> = 0x0000000000000000 (0)
00:00:00.172605 
00:00:00.172605 [/MM/] (level 1)
00:00:00.172605   CanUseLargerHeap <integer> = 0x0000000000000000 (0)
00:00:00.172606 
00:00:00.172606 [/NEM/] (level 1)
00:00:00.172607   Allow64BitGuests <integer> = 0x0000000000000001 (1)
00:00:00.172607 
00:00:00.172607 [/PDM/] (level 1)
00:00:00.172608 
00:00:00.172608 [/PDM/AsyncCompletion/] (level 2)
00:00:00.172609 
00:00:00.172609 [/PDM/AsyncCompletion/File/] (level 3)
00:00:00.172610 
00:00:00.172610 [/PDM/AsyncCompletion/File/BwGroups/] (level 4)
00:00:00.172611 
00:00:00.172611 [/PDM/BlkCache/] (level 2)
00:00:00.172612   CacheSize <integer> = 0x0000000000500000 (5 242 880, 5 MB)
00:00:00.172613 
00:00:00.172613 [/PDM/Devices/] (level 2)
00:00:00.172614 
00:00:00.172614 [/PDM/Drivers/] (level 2)
00:00:00.172615 
00:00:00.172615 [/PDM/Drivers/VBoxC/] (level 3)
00:00:00.172615   Path <string>  = "/usr/lib/virtualbox/components/VBoxC" (cb=37)
00:00:00.172616 
00:00:00.172616 [/PDM/NetworkShaper/] (level 2)
00:00:00.172617 
00:00:00.172617 [/PDM/NetworkShaper/BwGroups/] (level 3)
00:00:00.172618 
00:00:00.172618 [/TM/] (level 1)
00:00:00.172619   UTCOffset <integer> = 0x0000000000000000 (0)
00:00:00.172619 
00:00:00.172620 ********************* End of CFGM dump **********************
00:00:00.174088 HM: HMR3Init: VT-x w/ nested paging and unrestricted guest execution hw support
00:00:00.174150 MM: cbHyperHeap=0x200000 (2097152)
00:00:00.183286 CPUM: fXStateHostMask=0x7; initial: 0x7; host XCR0=0x7
00:00:00.191907 CPUM: Matched host CPU INTEL 0x6/0x46/0x1 Intel_Core7_Haswell with CPU DB entry 'Intel Core i7-5600U' (INTEL 0x6/0x3d/0x4 Intel_Core7_Broadwell)
00:00:00.192738 CPUM: MXCSR_MASK=0xffff (host: 0xffff)
00:00:00.192832 CPUM: Microcode revision 0x00000000
00:00:00.192864 CPUM: MSR/CPUID reconciliation insert: 0x0000010b IA32_FLUSH_CMD
00:00:00.192889 CPUM: MSR/CPUID reconciliation insert: 0x0000010a IA32_ARCH_CAPABILITIES
00:00:00.192905 CPUM: MSR fudge: 0x00000122 IA32_TSX_CTRL
00:00:00.192956 CPUM: SetGuestCpuIdFeature: Enabled PAE
00:00:00.193332 PGM: Host paging mode: AMD64+PGE+NX
00:00:00.193364 PGM: PGMPool: cMaxPages=768 (u64MaxPages=545)
00:00:00.193376 PGM: pgmR3PoolInit: cMaxPages=0x300 cMaxUsers=0x600 cMaxPhysExts=0x600 fCacheEnable=true 
00:00:00.195599 PGM: /proc/sys/vm/max_map_count = 65530 (rc2=VWRN_TRAILING_CHARS); cGuessNeeded=16384
00:00:00.197715 TM: GIP - u32Mode=3 (Invariant) u32UpdateHz=62 u32UpdateIntervalNS=16000000 enmUseTscDelta=2 (Practically Zero) fGetGipCpu=0x1b cCpus=128
00:00:00.197748 TM: GIP - u64CpuHz=2 494 225 868 (0x94aaddcc)  SUPGetCpuHzFromGip => 2 494 225 868
00:00:00.197756 TM: GIP - CPU: iCpuSet=0x0 idCpu=0x0 idApic=0x0 iGipCpu=0x1 i64TSCDelta=0 enmState=3 u64CpuHz=2494223906(*) cErrors=0
00:00:00.197773 TM: GIP - CPU: iCpuSet=0x1 idCpu=0x1 idApic=0x2 iGipCpu=0x3 i64TSCDelta=0 enmState=3 u64CpuHz=2494225462(*) cErrors=0
00:00:00.197780 TM: GIP - CPU: iCpuSet=0x2 idCpu=0x2 idApic=0x4 iGipCpu=0x2 i64TSCDelta=0 enmState=3 u64CpuHz=2494225715(*) cErrors=0
00:00:00.197789 TM: GIP - CPU: iCpuSet=0x3 idCpu=0x3 idApic=0x6 iGipCpu=0x0 i64TSCDelta=0 enmState=3 u64CpuHz=2494225868(*) cErrors=0
00:00:00.197830 TM: cTSCTicksPerSecond=2 494 225 868 (0x94aaddcc) enmTSCMode=3 (Dynamic)
00:00:00.197832 TM: TSCTiedToExecution=false TSCNotTiedToHalt=false
00:00:00.198645 EMR3Init: fIemExecutesAll=false fGuruOnTripleFault=true 
00:00:00.198902 IEM: TargetCpu=CURRENT, Microarch=Intel_Core7_Haswell
00:00:00.199624 GIM: Using provider 'KVM' (Implementation version: 0)
00:00:00.199652 CPUM: SetGuestCpuIdFeature: Enabled Hypervisor Present bit
00:00:00.257683 AIOMgr: Default manager type is 'Async'
00:00:00.257741 AIOMgr: Default file backend is 'NonBuffered'
00:00:00.258278 BlkCache: Cache successfully initialized. Cache size is 5242880 bytes
00:00:00.258308 BlkCache: Cache commit interval is 10000 ms
00:00:00.258315 BlkCache: Cache commit threshold is 2621440 bytes
00:00:00.265024 PcBios: [SMP] BIOS with 1 CPUs
00:00:00.265571 PcBios: Using the 386+ BIOS image.
00:00:00.267120 PcBios: MPS table at 000e1300
00:00:00.267937 PcBios: fCheckShutdownStatusForSoftReset=true   fClearShutdownStatusOnHardReset=true 
00:00:00.269627 SUP: Opened VBoxDDR0.r0 (/usr/lib/virtualbox/VBoxDDR0.r0) at 0xXXXXXXXXXXXXXXXX.
00:00:00.270738 CPUM: SetGuestCpuIdFeature: Enabled xAPIC
00:00:00.270765 CPUM: SetGuestCpuIdFeature: Enabled x2APIC
00:00:00.270998 IOAPIC: Using implementation 2.0! Chipset type ICH9
00:00:00.271104 PIT: mode=3 count=0x10000 (65536) - 18.20 Hz (ch=0)
00:00:00.271495 VMMDev: cbDefaultBudget: 71 890 368 (448f5c0)
00:00:00.274765 Shared Folders service loaded
00:00:00.275959 Guest Control service loaded
00:00:00.406356 VGA: Using the 386+ BIOS image.
00:00:00.414553 DrvVD: Flushes will be ignored
00:00:00.414644 DrvVD: Async flushes will be passed to the disk
00:00:00.420666 VD: VDInit finished with VINF_SUCCESS
00:00:00.421499 AIOMgr: Endpoint for file '/home/a_guy/Demo_Project/JumpBox/.vdi' (flags 000c0723) created successfully
00:00:00.423966 VD: Opening the disk took 3862774 ns
00:00:00.424085 AHCI: LUN#0: disk, PCHS=16383/16/63, total number of sectors 163840000
00:00:00.424447 AHCI: Port1: No driver attached
00:00:00.424504 AHCI: Port2: No driver attached
00:00:00.424540 AHCI: Port3: No driver attached
00:00:00.424573 AHCI: Port4: No driver attached
00:00:00.424606 AHCI: Port5: No driver attached
00:00:00.424638 AHCI: Port6: No driver attached
00:00:00.424670 AHCI: Port7: No driver attached
00:00:00.424705 AHCI: Port8: No driver attached
00:00:00.424756 AHCI: Port9: No driver attached
00:00:00.424799 AHCI: Port10: No driver attached
00:00:00.424834 AHCI: Port11: No driver attached
00:00:00.424867 AHCI: Port12: No driver attached
00:00:00.424899 AHCI: Port13: No driver attached
00:00:00.424933 AHCI: Port14: No driver attached
00:00:00.424965 AHCI: Port15: No driver attached
00:00:00.424998 AHCI: Port16: No driver attached
00:00:00.425030 AHCI: Port17: No driver attached
00:00:00.425063 AHCI: Port18: No driver attached
00:00:00.425115 AHCI: Port19: No driver attached
00:00:00.425256 AHCI: Port20: No driver attached
00:00:00.425299 AHCI: Port21: No driver attached
00:00:00.425332 AHCI: Port22: No driver attached
00:00:00.425365 AHCI: Port23: No driver attached
00:00:00.425397 AHCI: Port24: No driver attached
00:00:00.425430 AHCI: Port25: No driver attached
00:00:00.425463 AHCI: Port26: No driver attached
00:00:00.425496 AHCI: Port27: No driver attached
00:00:00.425558 AHCI: Port28: No driver attached
00:00:00.425598 AHCI: Port29: No driver attached
00:00:00.425726 AHCI#0: Reset the HBA
00:00:00.425793 VD#0: Cancelling all active requests
00:00:00.428265 PIIX3 ATA: LUN#0: no unit
00:00:00.428327 PIIX3 ATA: LUN#1: no unit
00:00:00.428488 PIIX3 ATA: LUN#2: no unit
00:00:00.428567 PIIX3 ATA: LUN#3: no unit
00:00:00.428686 PIIX3 ATA: Ctl#0: finished processing RESET
00:00:00.428754 PIIX3 ATA: Ctl#1: finished processing RESET
00:00:00.429448 E1000#0: Chip=82540EM LinkUpDelay=3000ms EthernetCRC=on GSO=enabled Itr=disabled ItrRx=enabled TID=disabled R0=enabled RC=disabled
00:00:00.445407 NAT: Guest address guess set to 10.0.2.15 by initialization
00:00:00.446275 NAT: resolv.conf: nameserver 127.0.0.53
00:00:00.446334 NAT: resolv.conf: ignoring "options edns0 trust-ad"
00:00:00.446378 NAT: DNS server 127.0.0.53 registration detected, switching to the DNS proxy
00:00:00.446413 NAT: Adding domain name .
00:00:00.446452 NAT: DNS#0: 127.0.0.53
00:00:00.448446 AC97: Using codec 'STAC9700'
00:00:00.449019 Audio: Initializing ALSA driver
00:00:00.470334 Audio: Found 16 devices for driver 'ALSA'
00:00:00.470579 Audio: Device 'Default Audio Device':
00:00:00.470580 Audio:   ID              = default
00:00:00.470581 Audio:   Usage           = duplex
00:00:00.470581 Audio:   Flags           = NONE
00:00:00.470581 Audio:   Input channels  = 2
00:00:00.470582 Audio:   Output channels = 2
00:00:00.470621 Audio: Device 'Default Audio Device':
00:00:00.470621 Audio:   ID              = sysdefault
00:00:00.470621 Audio:   Usage           = duplex
00:00:00.470622 Audio:   Flags           = NONE
00:00:00.470622 Audio:   Input channels  = 2
00:00:00.470622 Audio:   Output channels = 2
00:00:00.470662 Audio: Device 'IEC958 (S/PDIF) Digital Audio Output':
00:00:00.470663 Audio:   ID              = iec958
00:00:00.470663 Audio:   Usage           = duplex
00:00:00.470664 Audio:   Flags           = NONE
00:00:00.470664 Audio:   Input channels  = 2
00:00:00.470664 Audio:   Output channels = 2
00:00:00.470700 Audio: Device 'Direct hardware device without any conversions (Ensoniq AudioPCI, ES1371 DAC2/ADC)':
00:00:00.470701 Audio:   ID              = hw:CARD=AudioPCI,DEV=0
00:00:00.470701 Audio:   Usage           = duplex
00:00:00.470701 Audio:   Flags           = NONE
00:00:00.470701 Audio:   Input channels  = 2
00:00:00.470702 Audio:   Output channels = 2
00:00:00.470733 Audio: Device 'Direct hardware device without any conversions (Ensoniq AudioPCI, ES1371 DAC1)':
00:00:00.470734 Audio:   ID              = hw:CARD=AudioPCI,DEV=1
00:00:00.470734 Audio:   Usage           = output
00:00:00.470734 Audio:   Flags           = NONE
00:00:00.470735 Audio:   Input channels  = 0
00:00:00.470735 Audio:   Output channels = 2
00:00:00.470766 Audio: Device 'Hardware device with all software conversions (Ensoniq AudioPCI, ES1371 DAC2/ADC)':
00:00:00.470767 Audio:   ID              = plughw:CARD=AudioPCI,DEV=0
00:00:00.470767 Audio:   Usage           = duplex
00:00:00.470767 Audio:   Flags           = NONE
00:00:00.470767 Audio:   Input channels  = 2
00:00:00.470768 Audio:   Output channels = 2
00:00:00.470799 Audio: Device 'Hardware device with all software conversions (Ensoniq AudioPCI, ES1371 DAC1)':
00:00:00.470799 Audio:   ID              = plughw:CARD=AudioPCI,DEV=1
00:00:00.470799 Audio:   Usage           = output
00:00:00.470800 Audio:   Flags           = NONE
00:00:00.470800 Audio:   Input channels  = 0
00:00:00.470800 Audio:   Output channels = 2
00:00:00.470834 Audio: Device 'Default Audio Device (Ensoniq AudioPCI, ES1371 DAC2/ADC)':
00:00:00.470835 Audio:   ID              = default:CARD=AudioPCI
00:00:00.470835 Audio:   Usage           = duplex
00:00:00.470835 Audio:   Flags           = NONE
00:00:00.470835 Audio:   Input channels  = 2
00:00:00.470836 Audio:   Output channels = 2
00:00:00.470882 Audio: Device 'Default Audio Device (Ensoniq AudioPCI, ES1371 DAC2/ADC)':
00:00:00.470883 Audio:   ID              = sysdefault:CARD=AudioPCI
00:00:00.470883 Audio:   Usage           = duplex
00:00:00.470883 Audio:   Flags           = NONE
00:00:00.470883 Audio:   Input channels  = 2
00:00:00.470884 Audio:   Output channels = 2
00:00:00.470915 Audio: Device 'Front output / input (Ensoniq AudioPCI, ES1371 DAC2/ADC)':
00:00:00.470916 Audio:   ID              = front:CARD=AudioPCI,DEV=0
00:00:00.470916 Audio:   Usage           = duplex
00:00:00.470916 Audio:   Flags           = NONE
00:00:00.470916 Audio:   Input channels  = 2
00:00:00.470917 Audio:   Output channels = 2
00:00:00.470948 Audio: Device 'Rear speakers (Ensoniq AudioPCI, ES1371 DAC2/ADC)':
00:00:00.470948 Audio:   ID              = rear:CARD=AudioPCI,DEV=0
00:00:00.470948 Audio:   Usage           = duplex
00:00:00.470949 Audio:   Flags           = NONE
00:00:00.470949 Audio:   Input channels  = 2
00:00:00.470949 Audio:   Output channels = 2
00:00:00.470980 Audio: Device '4.0 Surround output to Front and Rear speakers (Ensoniq AudioPCI, ES1371 DAC2/ADC)':
00:00:00.470981 Audio:   ID              = surround40:CARD=AudioPCI,DEV=0
00:00:00.470981 Audio:   Usage           = output
00:00:00.470981 Audio:   Flags           = NONE
00:00:00.470982 Audio:   Input channels  = 0
00:00:00.470982 Audio:   Output channels = 2
00:00:00.471013 Audio: Device 'IEC958 (S/PDIF) Digital Audio Output (Ensoniq AudioPCI, ES1371 DAC2/ADC)':
00:00:00.471013 Audio:   ID              = iec958:CARD=AudioPCI,DEV=0
00:00:00.471014 Audio:   Usage           = output
00:00:00.471014 Audio:   Flags           = NONE
00:00:00.471014 Audio:   Input channels  = 0
00:00:00.471014 Audio:   Output channels = 2
00:00:00.471046 Audio: Device 'Direct sample mixing device (Ensoniq AudioPCI, ES1371 DAC2/ADC)':
00:00:00.471046 Audio:   ID              = dmix:CARD=AudioPCI,DEV=0
00:00:00.471046 Audio:   Usage           = output
00:00:00.471047 Audio:   Flags           = NONE
00:00:00.471047 Audio:   Input channels  = 0
00:00:00.471047 Audio:   Output channels = 2
00:00:00.471078 Audio: Device 'Direct sample mixing device (Ensoniq AudioPCI, ES1371 DAC1)':
00:00:00.471079 Audio:   ID              = dmix:CARD=AudioPCI,DEV=1
00:00:00.471079 Audio:   Usage           = output
00:00:00.471079 Audio:   Flags           = NONE
00:00:00.471080 Audio:   Input channels  = 0
00:00:00.471080 Audio:   Output channels = 2
00:00:00.471145 Audio: Device 'Direct sample snooping device (Ensoniq AudioPCI, ES1371 DAC2/ADC)':
00:00:00.471146 Audio:   ID              = dsnoop:CARD=AudioPCI,DEV=0
00:00:00.471146 Audio:   Usage           = input
00:00:00.471146 Audio:   Flags           = NONE
00:00:00.471146 Audio:   Input channels  = 2
00:00:00.471147 Audio:   Output channels = 0
00:00:00.471304 AC97: Reset
00:00:00.471342 AC97: Mixer reset (EAID=0x809, EACS=0x9)
00:00:00.471374 AC97: Record select to left=mic, right=mic
00:00:00.472143 PGM: The CPU physical address width is 45 bits
00:00:00.472197 PGM: PGMR3InitFinalize: 4 MB PSE mask 00001fffffffffff -> VINF_SUCCESS
00:00:00.472303 TM: TMR3InitFinalize: fTSCModeSwitchAllowed=true 
00:00:00.472615 VMM: Enabled thread-context hooks
00:00:00.472660 VMM: RTThreadPreemptIsPending() can be trusted
00:00:00.472692 VMM: Kernel preemption is not possible it seems
00:00:00.472737 HM: fWorldSwitcher=0x0 (fIbpbOnVmExit=false fIbpbOnVmEntry=false fL1dFlushOnVmEntry=false); fL1dFlushOnSched=true  fMdsClearOnVmEntry=false
00:00:00.472775 HM: Using VT-x implementation 3.0
00:00:00.472775 HM: Max resume loops                  = 8192
00:00:00.472776 HM: Host CR4                          = 0x1706e0
00:00:00.472777 HM: Host EFER                         = 0xd01
00:00:00.472777 HM: MSR_IA32_SMM_MONITOR_CTL          = 0x0
00:00:00.472778 HM: MSR_IA32_FEATURE_CONTROL          = 0x5
00:00:00.472778 HM:   LOCK
00:00:00.472779 HM:   VMXON
00:00:00.472779 HM: MSR_IA32_VMX_BASIC                = 0xd8100000000001
00:00:00.472780 HM:   VMCS id                           = 0x1
00:00:00.472780 HM:   VMCS size                         = 4096 bytes
00:00:00.472780 HM:   VMCS physical address limit       = None
00:00:00.472781 HM:   VMCS memory type                  = Write Back (WB)
00:00:00.472782 HM:   Dual-monitor treatment support    = false
00:00:00.472782 HM:   OUTS & INS instruction-info       = true 
00:00:00.472782 HM:   Supports true-capability MSRs     = true 
00:00:00.472783 HM:   VM-entry Xcpt error-code optional = false
00:00:00.472783 HM: MSR_IA32_VMX_PINBASED_CTLS        = 0x3f0000003f
00:00:00.472784 HM:   EXT_INT_EXIT (must be set)
00:00:00.472784 HM:   NMI_EXIT (must be set)
00:00:00.472784 HM:   VIRTUAL_NMI (must be set)
00:00:00.472785 HM:   PREEMPT_TIMER (must be cleared)
00:00:00.472785 HM:   POSTED_INT (must be cleared)
00:00:00.472785 HM: MSR_IA32_VMX_PROCBASED_CTLS       = 0xf5f9fffe9501e97a
00:00:00.472786 HM:   INT_WINDOW_EXIT
00:00:00.472786 HM:   USE_TSC_OFFSETTING (must be set)
00:00:00.472787 HM:   HLT_EXIT
00:00:00.472787 HM:   INVLPG_EXIT
00:00:00.472787 HM:   MWAIT_EXIT
00:00:00.472788 HM:   RDPMC_EXIT (must be set)
00:00:00.472788 HM:   RDTSC_EXIT
00:00:00.472788 HM:   CR3_LOAD_EXIT (must be set)
00:00:00.472789 HM:   CR3_STORE_EXIT (must be set)
00:00:00.472789 HM:   CR8_LOAD_EXIT
00:00:00.472789 HM:   CR8_STORE_EXIT
00:00:00.472789 HM:   USE_TPR_SHADOW
00:00:00.472790 HM:   NMI_WINDOW_EXIT
00:00:00.472790 HM:   MOV_DR_EXIT
00:00:00.472790 HM:   UNCOND_IO_EXIT (must be set)
00:00:00.472791 HM:   USE_IO_BITMAPS (must be cleared)
00:00:00.472791 HM:   MONITOR_TRAP_FLAG (must be cleared)
00:00:00.472791 HM:   USE_MSR_BITMAPS (must be set)
00:00:00.472792 HM:   MONITOR_EXIT
00:00:00.472792 HM:   PAUSE_EXIT
00:00:00.472792 HM:   USE_SECONDARY_CTLS (must be set)
00:00:00.472793 HM: MSR_IA32_VMX_PROCBASED_CTLS2      = 0x1cfe00000000
00:00:00.472793 HM:   VIRT_APIC_ACCESS (must be cleared)
00:00:00.472794 HM:   EPT
00:00:00.472794 HM:   DESC_TABLE_EXIT
00:00:00.472795 HM:   RDTSCP
00:00:00.472795 HM:   VIRT_X2APIC_MODE
00:00:00.472796 HM:   VPID
00:00:00.472796 HM:   WBINVD_EXIT
00:00:00.472797 HM:   UNRESTRICTED_GUEST
00:00:00.472797 HM:   APIC_REG_VIRT (must be cleared)
00:00:00.472797 HM:   VIRT_INT_DELIVERY (must be cleared)
00:00:00.472798 HM:   PAUSE_LOOP_EXIT
00:00:00.472798 HM:   RDRAND_EXIT
00:00:00.472799 HM:   INVPCID
00:00:00.472799 HM:   VMFUNC (must be cleared)
00:00:00.472800 HM:   VMCS_SHADOWING (must be cleared)
00:00:00.472800 HM:   ENCLS_EXIT (must be cleared)
00:00:00.472801 HM:   RDSEED_EXIT (must be cleared)
00:00:00.472801 HM:   PML (must be cleared)
00:00:00.472801 HM:   EPT_VE (must be cleared)
00:00:00.472802 HM:   CONCEAL_VMX_FROM_PT (must be cleared)
00:00:00.472802 HM:   XSAVES_XRSTORS (must be cleared)
00:00:00.472803 HM:   MODE_BASED_EPT_PERM (must be cleared)
00:00:00.472803 HM:   SPPTP_EPT (must be cleared)
00:00:00.472803 HM:   PT_EPT (must be cleared)
00:00:00.472804 HM:   TSC_SCALING (must be cleared)
00:00:00.472804 HM:   USER_WAIT_PAUSE (must be cleared)
00:00:00.472804 HM:   ENCLV_EXIT (must be cleared)
00:00:00.472805 HM: MSR_IA32_VMX_ENTRY_CTLS           = 0xf3ff000011ff
00:00:00.472805 HM:   LOAD_DEBUG (must be set)
00:00:00.472806 HM:   IA32E_MODE_GUEST
00:00:00.472806 HM:   ENTRY_TO_SMM (must be cleared)
00:00:00.472806 HM:   DEACTIVATE_DUAL_MON (must be cleared)
00:00:00.472807 HM:   LOAD_PERF_MSR
00:00:00.472807 HM:   LOAD_PAT_MSR
00:00:00.472807 HM:   LOAD_EFER_MSR
00:00:00.472807 HM:   LOAD_BNDCFGS_MSR (must be cleared)
00:00:00.472808 HM:   CONCEAL_VMX_FROM_PT (must be cleared)
00:00:00.472808 HM:   LOAD_RTIT_CTL_MSR (must be cleared)
00:00:00.472808 HM: MSR_IA32_VMX_EXIT_CTLS            = 0x3fffff00036dff
00:00:00.472809 HM:   SAVE_DEBUG (must be set)
00:00:00.472809 HM:   HOST_ADDR_SPACE_SIZE
00:00:00.472810 HM:   LOAD_PERF_MSR
00:00:00.472810 HM:   ACK_EXT_INT
00:00:00.472810 HM:   SAVE_PAT_MSR
00:00:00.472810 HM:   LOAD_PAT_MSR
00:00:00.472811 HM:   SAVE_EFER_MSR
00:00:00.472811 HM:   LOAD_EFER_MSR
00:00:00.472811 HM:   SAVE_PREEMPT_TIMER (must be cleared)
00:00:00.472812 HM:   CLEAR_BNDCFGS_MSR (must be cleared)
00:00:00.472812 HM:   CONCEAL_VMX_FROM_PT (must be cleared)
00:00:00.472812 HM:   CLEAR_RTIT_CTL_MSR (must be cleared)
00:00:00.472813 HM: MSR_IA32_VMX_TRUE_PINBASED_CTLS   = 0x3f00000016
00:00:00.472813 HM: MSR_IA32_VMX_TRUE_PROCBASED_CTLS  = 0xf7f9fffe04006172
00:00:00.472814 HM: MSR_IA32_VMX_TRUE_ENTRY_CTLS      = 0xf3ff000011fb
00:00:00.472814 HM: MSR_IA32_VMX_TRUE_EXIT_CTLS       = 0x3fffff00036dfb
00:00:00.472815 HM: MSR_IA32_VMX_MISC                 = 0x401e0
00:00:00.472816 HM:   PREEMPT_TIMER_TSC                 = 0x0
00:00:00.472816 HM:   EXIT_SAVE_EFER_LMA                = true 
00:00:00.472817 HM:   ACTIVITY_STATES                   = 0x7 ( HLT SHUTDOWN SIPI_WAIT )
00:00:00.472817 HM:   INTEL_PT                          = false
00:00:00.472818 HM:   SMM_READ_SMBASE_MSR               = false
00:00:00.472818 HM:   CR3_TARGET                        = 0x4
00:00:00.472818 HM:   MAX_MSR                           = 0x0 ( 512 )
00:00:00.472819 HM:   VMXOFF_BLOCK_SMI                  = false
00:00:00.472819 HM:   VMWRITE_ALL                       = false
00:00:00.472820 HM:   ENTRY_INJECT_SOFT_INT             = 0x0
00:00:00.472820 HM:   MSEG_ID                           = 0x0
00:00:00.472820 HM: MSR_IA32_VMX_VMCS_ENUM            = 0x5a
00:00:00.472821 HM:   HIGHEST_IDX                       = 0x2d
00:00:00.472821 HM: MSR_IA32_VMX_EPT_VPID_CAP         = 0xf0106114041
00:00:00.472822 HM:   RWX_X_ONLY
00:00:00.472822 HM:   PAGE_WALK_LENGTH_4
00:00:00.472822 HM:   EMT_WB
00:00:00.472823 HM:   PDE_2M
00:00:00.472823 HM:   INVEPT
00:00:00.472824 HM:   INVEPT_SINGLE_CONTEXT
00:00:00.472824 HM:   INVEPT_ALL_CONTEXTS
00:00:00.472824 HM:   INVVPID
00:00:00.472824 HM:   INVVPID_INDIV_ADDR
00:00:00.472825 HM:   INVVPID_SINGLE_CONTEXT
00:00:00.472825 HM:   INVVPID_ALL_CONTEXTS
00:00:00.472825 HM:   INVVPID_SINGLE_CONTEXT_RETAIN_GLOBALS
00:00:00.472826 HM: MSR_IA32_VMX_CR0_FIXED0           = 0x80000021
00:00:00.472826 HM: MSR_IA32_VMX_CR0_FIXED1           = 0xffffffff
00:00:00.472827 HM: MSR_IA32_VMX_CR4_FIXED0           = 0x2000
00:00:00.472827 HM: MSR_IA32_VMX_CR4_FIXED1           = 0x1727ff
00:00:00.472828 HM: APIC-access page physaddr         = 0xffffffffffffffff
00:00:00.472828 HM: VCPU  0: MSR bitmap physaddr      = 0x00000000a01e5000
00:00:00.472829 HM: VCPU  0: VMCS physaddr            = 0x00000000a24b0000
00:00:00.472830 HM: Guest support: 32-bit and 64-bit
00:00:00.472966 HM: Supports VMCS EFER fields         = true 
00:00:00.472967 HM: Enabled VMX
00:00:00.472970 CPUM: SetGuestCpuIdFeature: Enabled SYSENTER/EXIT
00:00:00.472971 CPUM: SetGuestCpuIdFeature: Enabled PAE
00:00:00.472971 CPUM: SetGuestCpuIdFeature: Enabled LONG MODE
00:00:00.472971 CPUM: SetGuestCpuIdFeature: Enabled SYSCALL/RET
00:00:00.472972 CPUM: SetGuestCpuIdFeature: Enabled LAHF/SAHF
00:00:00.472972 CPUM: SetGuestCpuIdFeature: Enabled NX
00:00:00.472972 HM: Enabled nested paging
00:00:00.472973 HM:   EPT flush type                  = Single context
00:00:00.472973 HM: Enabled unrestricted guest execution
00:00:00.472973 HM: Enabled VPID
00:00:00.472974 HM:   VPID flush type                 = Single context
00:00:00.472974 HM: Disabled VMX-preemption timer
00:00:00.472974 HM: VT-x/AMD-V init method: Global
00:00:00.472976 EM: Exit history optimizations: enabled=true  enabled-r0=true  enabled-r0-no-preemption=false
00:00:00.474178 PcBios: SATA LUN#0 LCHS=1024/255/63
00:00:00.474244 APIC: fPostedIntrsEnabled=false fVirtApicRegsEnabled=false fSupportsTscDeadline=false
00:00:00.474285 TMR3UtcNow: nsNow=1 661 714 789 157 394 000 nsPrev=0 -> cNsDelta=1 661 714 789 157 394 000 (offLag=0 offVirtualSync=0 offVirtualSyncGivenUp=0, NowAgain=1 661 714 789 157 394 000)
00:00:00.474326 VMM: fUsePeriodicPreemptionTimers=true 
00:00:00.478988 CPUM: Logical host processors: 4 present, 4 max, 4 online, online mask: 000000000000000f
00:00:00.479263 CPUM: Physical host cores: 4
00:00:00.479264 ************************* CPUID dump ************************
00:00:00.479317          Raw Standard CPUID Leaves
00:00:00.479318      Leaf/sub-leaf  eax      ebx      ecx      edx
00:00:00.479324 Gst: 00000000/0000  0000000d 756e6547 6c65746e 49656e69
00:00:00.479325 Hst:                0000000d 756e6547 6c65746e 49656e69
00:00:00.479330 Gst: 00000001/0000  00040661 00000800 d6fa2203 078bfbff
00:00:00.479331 Hst:                00040661 04010800 fffa3223 0f8bfbff
00:00:00.479373 Gst: 00000002/0000  76036301 00f0b5ff 00000000 00c10000
00:00:00.479373 Hst:                76036301 00f0b5ff 00000000 00c10000
00:00:00.479378 Gst: 00000003/0000  00000000 00000000 00000000 00000000
00:00:00.479378 Hst:                00000000 00000000 00000000 00000000
00:00:00.479382 Gst: 00000004/0000  00000121 01c0003f 0000003f 00000000
00:00:00.479382 Hst:                00000121 01c0003f 0000003f 00000000
00:00:00.479386 Gst: 00000004/0001  00000122 01c0003f 0000003f 00000000
00:00:00.479386 Hst:                00000122 01c0003f 0000003f 00000000
00:00:00.479390 Gst: 00000004/0002  00000143 01c0003f 000001ff 00000000
00:00:00.479390 Hst:                00000143 01c0003f 000001ff 00000000
00:00:00.479394 Gst: 00000004/0003  00000163 02c0003f 00001fff 00000006
00:00:00.479394 Hst:                00000163 02c0003f 00001fff 00000006
00:00:00.479398 Gst: 00000004/0004  00000183 03c0f03f 00001fff 00000004
00:00:00.479398 Hst:                00000183 03c0f03f 00001fff 00000004
00:00:00.479401 Gst: 00000004/0005  00000000 00000000 00000000 00000000
00:00:00.479402 Hst:                00000000 00000000 00000000 00000000
00:00:00.479405 Gst: 00000005/0000  00000000 00000000 00000000 00000000
00:00:00.479406 Hst:                00000000 00000000 00000000 00000000
00:00:00.479409 Gst: 00000006/0000  00000000 00000000 00000000 00000000
00:00:00.479410 Hst:                00000004 00000000 00000000 00000000
00:00:00.479413 Gst: 00000007/0000  00000000 00002421 00000000 30000400
00:00:00.479414 Hst:                00000000 000027ab 00000000 bc000400
00:00:00.479417 Gst: 00000007/0001  00000000 00000000 00000000 00000000
00:00:00.479417 Hst:                00000000 00000000 00000000 00000000
00:00:00.479421 Gst: 00000008/0000  00000000 00000000 00000000 00000000
00:00:00.479421 Hst:                00000000 00000000 00000000 00000000
00:00:00.479424 Gst: 00000009/0000  00000000 00000000 00000000 00000000
00:00:00.479425 Hst:                00000000 00000000 00000000 00000000
00:00:00.479428 Gst: 0000000a/0000  00000000 00000000 00000000 00000000
00:00:00.479429 Hst:                07300401 000000ff 00000000 00000000
00:00:00.479432 Gst: 0000000b/0000  00000000 00000001 00000100 00000000
00:00:00.479433 Hst:                00000000 00000001 00000100 00000004
00:00:00.479436 Gst: 0000000b/0001  00000001 00000001 00000201 00000000
00:00:00.479436 Hst:                00000000 00000001 00000201 00000004
00:00:00.479440 Gst: 0000000b/0002  00000000 00000000 00000002 00000000
00:00:00.479440 Hst:                00000000 00000000 00000002 00000004
00:00:00.479443 Gst: 0000000c/0000  00000000 00000000 00000000 00000000
00:00:00.479444 Hst:                00000000 00000000 00000000 00000000
00:00:00.479447 Gst: 0000000d/0000  00000007 00000340 00000340 00000000
00:00:00.479448 Hst:                00000007 00000340 00000340 00000000
00:00:00.479451 Gst: 0000000d/0001  00000000 00000000 00000000 00000000
00:00:00.479452 Hst:                00000001 00000000 00000000 00000000
00:00:00.479455 Gst: 0000000d/0002  00000100 00000240 00000000 00000000
00:00:00.479456 Hst:                00000100 00000240 00000000 00000000
00:00:00.479459 Gst: 0000000d/0003  00000000 00000000 00000000 00000000
00:00:00.479459 Hst:                00000000 00000000 00000000 00000000
00:00:00.479791                                Name: GenuineIntel
00:00:00.479792                            Supports: 0x00000000-0x0000000d
00:00:00.479793                              Family:  6 	Extended: 0 	Effective: 6
00:00:00.479794                               Model:  6 	Extended: 4 	Effective: 70
00:00:00.479795                            Stepping: 1
00:00:00.479795                                Type: 0 (primary)
00:00:00.479796                             APIC ID: 0x00
00:00:00.479797                        Logical CPUs: 0
00:00:00.479797                        CLFLUSH Size: 8
00:00:00.479798                            Brand ID: 0x00
00:00:00.479801 Features
00:00:00.479802   Mnemonic - Description                                  = guest (host)
00:00:00.479803   FPU - x87 FPU on Chip                                   = 1 (1)
00:00:00.479804   VME - Virtual 8086 Mode Enhancements                    = 1 (1)
00:00:00.479805   DE - Debugging extensions                               = 1 (1)
00:00:00.479806   PSE - Page Size Extension                               = 1 (1)
00:00:00.479806   TSC - Time Stamp Counter                                = 1 (1)
00:00:00.479807   MSR - Model Specific Registers                          = 1 (1)
00:00:00.479808   PAE - Physical Address Extension                        = 1 (1)
00:00:00.479809   MCE - Machine Check Exception                           = 1 (1)
00:00:00.479809   CX8 - CMPXCHG8B instruction                             = 1 (1)
00:00:00.479810   APIC - APIC On-Chip                                     = 1 (1)
00:00:00.479811   SEP - SYSENTER and SYSEXIT Present                      = 1 (1)
00:00:00.479811   MTRR - Memory Type Range Registers                      = 1 (1)
00:00:00.479812   PGE - PTE Global Bit                                    = 1 (1)
00:00:00.479813   MCA - Machine Check Architecture                        = 1 (1)
00:00:00.479813   CMOV - Conditional Move instructions                    = 1 (1)
00:00:00.479814   PAT - Page Attribute Table                              = 1 (1)
00:00:00.479815   PSE-36 - 36-bit Page Size Extension                     = 1 (1)
00:00:00.479816   PSN - Processor Serial Number                           = 0 (0)
00:00:00.479816   CLFSH - CLFLUSH instruction                             = 1 (1)
00:00:00.479817   DS - Debug Store                                        = 0 (0)
00:00:00.479818   ACPI - Thermal Mon. & Soft. Clock Ctrl.                 = 0 (0)
00:00:00.479819   MMX - Intel MMX Technology                              = 1 (1)
00:00:00.479819   FXSR - FXSAVE and FXRSTOR instructions                  = 1 (1)
00:00:00.479820   SSE - SSE support                                       = 1 (1)
00:00:00.479821   SSE2 - SSE2 support                                     = 1 (1)
00:00:00.479821   SS - Self Snoop                                         = 0 (1)
00:00:00.479822   HTT - Hyper-Threading Technology                        = 0 (0)
00:00:00.479823   TM - Therm. Monitor                                     = 0 (0)
00:00:00.479824   PBE - Pending Break Enabled                             = 0 (0)
00:00:00.479825   SSE3 - SSE3 support                                     = 1 (1)
00:00:00.479825   PCLMUL - PCLMULQDQ support (for AES-GCM)                = 1 (1)
00:00:00.479826   DTES64 - DS Area 64-bit Layout                          = 0 (0)
00:00:00.479827   MONITOR - MONITOR/MWAIT instructions                    = 0 (0)
00:00:00.479827   CPL-DS - CPL Qualified Debug Store                      = 0 (0)
00:00:00.479828   VMX - Virtual Machine Extensions                        = 0 (1)
00:00:00.479829   SMX - Safer Mode Extensions                             = 0 (0)
00:00:00.479829   EST - Enhanced SpeedStep Technology                     = 0 (0)
00:00:00.479830   TM2 - Terminal Monitor 2                                = 0 (0)
00:00:00.479831   SSSE3 - Supplemental Streaming SIMD Extensions 3        = 1 (1)
00:00:00.479831   CNTX-ID - L1 Context ID                                 = 0 (0)
00:00:00.479832   SDBG - Silicon Debug interface                          = 0 (0)
00:00:00.479833   FMA - Fused Multiply Add extensions                     = 0 (1)
00:00:00.479834   CX16 - CMPXCHG16B instruction                           = 1 (1)
00:00:00.479834   TPRUPDATE - xTPR Update Control                         = 0 (0)
00:00:00.479835   PDCM - Perf/Debug Capability MSR                        = 0 (0)
00:00:00.479836   PCID - Process Context Identifiers                      = 1 (1)
00:00:00.479836   DCA - Direct Cache Access                               = 0 (0)
00:00:00.479837   SSE4_1 - SSE4_1 support                                 = 1 (1)
00:00:00.479838   SSE4_2 - SSE4_2 support                                 = 1 (1)
00:00:00.479839   X2APIC - x2APIC support                                 = 1 (1)
00:00:00.479839   MOVBE - MOVBE instruction                               = 1 (1)
00:00:00.479840   POPCNT - POPCNT instruction                             = 1 (1)
00:00:00.479841   TSCDEADL - Time Stamp Counter Deadline                  = 0 (1)
00:00:00.479842   AES - AES instructions                                  = 1 (1)
00:00:00.479842   XSAVE - XSAVE instruction                               = 1 (1)
00:00:00.479843   OSXSAVE - OSXSAVE instruction                           = 0 (1)
00:00:00.479844   AVX - AVX support                                       = 1 (1)
00:00:00.479845   F16C - 16-bit floating point conversion instructions    = 0 (1)
00:00:00.479845   RDRAND - RDRAND instruction                             = 1 (1)
00:00:00.479846   HVP - Hypervisor Present (we're a guest)                = 1 (1)
00:00:00.479847 Structured Extended Feature Flags Enumeration (leaf 7):
00:00:00.479850   Mnemonic - Description                                  = guest (host)
00:00:00.479851   FSGSBASE - RDFSBASE/RDGSBASE/WRFSBASE/WRGSBASE instr.   = 1 (1)
00:00:00.479851   TSCADJUST - Supports MSR_IA32_TSC_ADJUST                = 0 (1)
00:00:00.479852   SGX - Supports Software Guard Extensions                = 0 (0)
00:00:00.479852   BMI1 - Advanced Bit Manipulation extension 1            = 0 (1)
00:00:00.479853   HLE - Hardware Lock Elision                             = 0 (0)
00:00:00.479854   AVX2 - Advanced Vector Extensions 2                     = 1 (1)
00:00:00.479854   FDP_EXCPTN_ONLY - FPU DP only updated on exceptions     = 0 (0)
00:00:00.479855   SMEP - Supervisor Mode Execution Prevention             = 0 (1)
00:00:00.479856   BMI2 - Advanced Bit Manipulation extension 2            = 0 (1)
00:00:00.479856   ERMS - Enhanced REP MOVSB/STOSB instructions            = 0 (1)
00:00:00.479857   INVPCID - INVPCID instruction                           = 1 (1)
00:00:00.479857   RTM - Restricted Transactional Memory                   = 0 (0)
00:00:00.479858   PQM - Platform Quality of Service Monitoring            = 0 (0)
00:00:00.479859   DEPFPU_CS_DS - Deprecates FPU CS, FPU DS values if set  = 1 (1)
00:00:00.479859   MPE - Intel Memory Protection Extensions                = 0 (0)
00:00:00.479860   PQE - Platform Quality of Service Enforcement           = 0 (0)
00:00:00.479860   AVX512F - AVX512 Foundation instructions                = 0 (0)
00:00:00.479861   RDSEED - RDSEED instruction                             = 0 (0)
00:00:00.479862   ADX - ADCX/ADOX instructions                            = 0 (0)
00:00:00.479862   SMAP - Supervisor Mode Access Prevention                = 0 (0)
00:00:00.479863   CLFLUSHOPT - CLFLUSHOPT (Cache Line Flush) instruction  = 0 (0)
00:00:00.479863   INTEL_PT - Intel Processor Trace                        = 0 (0)
00:00:00.479864   AVX512PF - AVX512 Prefetch instructions                 = 0 (0)
00:00:00.479865   AVX512ER - AVX512 Exponential & Reciprocal instructions = 0 (0)
00:00:00.479865   AVX512CD - AVX512 Conflict Detection instructions       = 0 (0)
00:00:00.479866   SHA - Secure Hash Algorithm extensions                  = 0 (0)
00:00:00.479867   PREFETCHWT1 - PREFETCHWT1 instruction                   = 0 (0)
00:00:00.479868   UMIP - User mode insturction prevention                 = 0 (0)
00:00:00.479868   PKU - Protection Key for Usermode pages                 = 0 (0)
00:00:00.479869   OSPKE - CR4.PKU mirror                                  = 0 (0)
00:00:00.479870   MAWAU - Value used by BNDLDX & BNDSTX                   = 0x0 (0x0)
00:00:00.479870   RDPID - Read processor ID support                       = 0 (0)
00:00:00.479871   SGX_LC - Supports SGX Launch Configuration              = 0 (0)
00:00:00.479872   MD_CLEAR - Supports MDS related buffer clearing         = 1 (1)
00:00:00.479872   IBRS_IBPB - IA32_SPEC_CTRL.IBRS and IA32_PRED_CMD.IBPB  = 0 (1)
00:00:00.479873   STIBP - Supports IA32_SPEC_CTRL.STIBP                   = 0 (1)
00:00:00.479874   FLUSH_CMD - Supports IA32_FLUSH_CMD                     = 1 (1)
00:00:00.479874   ARCHCAP - Supports IA32_ARCH_CAP                        = 1 (1)
00:00:00.479875   CORECAP - Supports IA32_CORE_CAP                        = 0 (0)
00:00:00.479876   SSBD - Supports IA32_SPEC_CTRL.SSBD                     = 0 (1)
00:00:00.479879 Processor Extended State Enumeration (leaf 0xd):
00:00:00.479883    XSAVE area cur/max size by XCR0, guest: 0x340/0x340
00:00:00.479883     XSAVE area cur/max size by XCR0, host: 0x340/0x340
00:00:00.479884                    Valid XCR0 bits, guest: 0x00000000`00000007 ( x87 SSE YMM_Hi128 )
00:00:00.479886                     Valid XCR0 bits, host: 0x00000000`00000007 ( x87 SSE YMM_Hi128 )
00:00:00.479890                     XSAVE features, guest:
00:00:00.479891                      XSAVE features, host: XSAVEOPT
00:00:00.479892       XSAVE area cur size XCR0|XSS, guest: 0x0
00:00:00.479892        XSAVE area cur size XCR0|XSS, host: 0x0
00:00:00.479892                Valid IA32_XSS bits, guest: 0x00000000`00000000
00:00:00.479893                 Valid IA32_XSS bits, host: 0x00000000`00000000
00:00:00.479896   State #2, guest: off=0x0240, cb=0x0100 IA32_XSS-bit -- YMM_Hi128
00:00:00.479898   State #2, host:  off=0x0240, cb=0x0100 IA32_XSS-bit -- YMM_Hi128
00:00:00.480065          Raw Hypervisor CPUID Leaves
00:00:00.480065      Leaf/sub-leaf  eax      ebx      ecx      edx
00:00:00.480068 Gst: 40000000/0000  40000001 4b4d564b 564b4d56 0000004d
00:00:00.480069 Hst:                40000010 61774d56 4d566572 65726177
00:00:00.480072 Gst: 40000001/0000  01000089 00000000 00000000 00000000
00:00:00.480073 Hst:                00000000 00000000 00000000 00000000
00:00:00.480077          Raw Extended CPUID Leaves
00:00:00.480077      Leaf/sub-leaf  eax      ebx      ecx      edx
00:00:00.480080 Gst: 80000000/0000  80000008 00000000 00000000 00000000
00:00:00.480080 Hst:                80000008 00000000 00000000 00000000
00:00:00.480084 Gst: 80000001/0000  00000000 00000000 00000021 28100800
00:00:00.480084 Hst:                00000000 00000000 00000021 2c100800
00:00:00.480088 Gst: 80000002/0000  65746e49 2952286c 726f4320 4d542865
00:00:00.480089 Hst:                65746e49 2952286c 726f4320 4d542865
00:00:00.480093 Gst: 80000003/0000  37692029 3738342d 20514830 20555043
00:00:00.480093 Hst:                37692029 3738342d 20514830 20555043
00:00:00.480097 Gst: 80000004/0000  2e322040 48473035 0000007a 00000000
00:00:00.480098 Hst:                2e322040 48473035 0000007a 00000000
00:00:00.480101 Gst: 80000005/0000  00000000 00000000 00000000 00000000
00:00:00.480102 Hst:                00000000 00000000 00000000 00000000
00:00:00.480105 Gst: 80000006/0000  00000000 00000000 01006040 00000000
00:00:00.480106 Hst:                00000000 00000000 01006040 00000000
00:00:00.480109 Gst: 80000007/0000  00000000 00000000 00000000 00000100
00:00:00.480109 Hst:                00000000 00000000 00000000 00000100
00:00:00.480113 Gst: 80000008/0000  0000302d 00000000 00000000 00000000
00:00:00.480113 Hst:                0000302d 00000000 00000000 00000000
00:00:00.480114 Ext Name:                        
00:00:00.480114 Ext Supports:                    0x80000000-0x80000008
00:00:00.480115 Family:                          0  	Extended: 0 	Effective: 0
00:00:00.480116 Model:                           0  	Extended: 0 	Effective: 0
00:00:00.480116 Stepping:                        0
00:00:00.480116 Brand ID:                        0x000
00:00:00.480119 Ext Features
00:00:00.480120   Mnemonic - Description                                  = guest (host)
00:00:00.480120   FPU - x87 FPU on Chip                                   = 0 (0)
00:00:00.480121   VME - Virtual 8086 Mode Enhancements                    = 0 (0)
00:00:00.480122   DE - Debugging extensions                               = 0 (0)
00:00:00.480123   PSE - Page Size Extension                               = 0 (0)
00:00:00.480123   TSC - Time Stamp Counter                                = 0 (0)
00:00:00.480124   MSR - K86 Model Specific Registers                      = 0 (0)
00:00:00.480125   PAE - Physical Address Extension                        = 0 (0)
00:00:00.480125   MCE - Machine Check Exception                           = 0 (0)
00:00:00.480126   CX8 - CMPXCHG8B instruction                             = 0 (0)
00:00:00.480127   APIC - APIC On-Chip                                     = 0 (0)
00:00:00.480128   SEP - SYSCALL/SYSRET                                    = 1 (1)
00:00:00.480128   MTRR - Memory Type Range Registers                      = 0 (0)
00:00:00.480129   PGE - PTE Global Bit                                    = 0 (0)
00:00:00.480130   MCA - Machine Check Architecture                        = 0 (0)
00:00:00.480131   CMOV - Conditional Move instructions                    = 0 (0)
00:00:00.480131   PAT - Page Attribute Table                              = 0 (0)
00:00:00.480132   PSE-36 - 36-bit Page Size Extension                     = 0 (0)
00:00:00.480132   NX - No-Execute/Execute-Disable                         = 1 (1)
00:00:00.480133   AXMMX - AMD Extensions to MMX instructions              = 0 (0)
00:00:00.480134   MMX - Intel MMX Technology                              = 0 (0)
00:00:00.480135   FXSR - FXSAVE and FXRSTOR Instructions                  = 0 (0)
00:00:00.480135   FFXSR - AMD fast FXSAVE and FXRSTOR instructions        = 0 (0)
00:00:00.480136   Page1GB - 1 GB large page                               = 0 (1)
00:00:00.480137   RDTSCP - RDTSCP instruction                             = 1 (1)
00:00:00.480137   LM - AMD64 Long Mode                                    = 1 (1)
00:00:00.480138   3DNOWEXT - AMD Extensions to 3DNow                      = 0 (0)
00:00:00.480139   3DNOW - AMD 3DNow                                       = 0 (0)
00:00:00.480140   LahfSahf - LAHF/SAHF support in 64-bit mode             = 1 (1)
00:00:00.480140   CmpLegacy - Core multi-processing legacy mode           = 0 (0)
00:00:00.480141   SVM - AMD Secure Virtual Machine extensions             = 0 (0)
00:00:00.480141   EXTAPIC - AMD Extended APIC registers                   = 0 (0)
00:00:00.480142   CR8L - AMD LOCK MOV CR0 means MOV CR8                   = 0 (0)
00:00:00.480143   ABM - AMD Advanced Bit Manipulation                     = 1 (1)
00:00:00.480143   SSE4A - SSE4A instructions                              = 0 (0)
00:00:00.480144   MISALIGNSSE - AMD Misaligned SSE mode                   = 0 (0)
00:00:00.480145   3DNOWPRF - AMD PREFETCH and PREFETCHW instructions      = 0 (0)
00:00:00.480145   OSVW - AMD OS Visible Workaround                        = 0 (0)
00:00:00.480146   IBS - Instruct Based Sampling                           = 0 (0)
00:00:00.480147   XOP - Extended Operation support                        = 0 (0)
00:00:00.480147   SKINIT - SKINIT, STGI, and DEV support                  = 0 (0)
00:00:00.480148   WDT - AMD Watchdog Timer support                        = 0 (0)
00:00:00.480148   LWP - Lightweight Profiling support                     = 0 (0)
00:00:00.480149   FMA4 - Four operand FMA instruction support             = 0 (0)
00:00:00.480150   NodeId - NodeId in MSR C001_100C                        = 0 (0)
00:00:00.480150   TBM - Trailing Bit Manipulation instructions            = 0 (0)
00:00:00.480151   TOPOEXT - Topology Extensions                           = 0 (0)
00:00:00.480152   PRFEXTCORE - Performance Counter Extensions support     = 0 (0)
00:00:00.480152   PRFEXTNB - NB Performance Counter Extensions support    = 0 (0)
00:00:00.480153   DATABPEXT - Data-access Breakpoint Extension            = 0 (0)
00:00:00.480153   PERFTSC - Performance Time Stamp Counter                = 0 (0)
00:00:00.480154   PCX_L2I - L2I/L3 Performance Counter Extensions         = 0 (0)
00:00:00.480155   MWAITX - MWAITX and MONITORX instructions               = 0 (0)
00:00:00.480155 Full Name:                       "Intel(R) Core(TM) i7-4870HQ CPU @ 2.50GHz"
00:00:00.480156 TLB 2/4M Instr/Uni:              res0     0 entries
00:00:00.480156 TLB 2/4M Data:                   res0     0 entries
00:00:00.480157 TLB 4K Instr/Uni:                res0     0 entries
00:00:00.480157 TLB 4K Data:                     res0     0 entries
00:00:00.480157 L1 Instr Cache Line Size:        0 bytes
00:00:00.480158 L1 Instr Cache Lines Per Tag:    0
00:00:00.480158 L1 Instr Cache Associativity:    res0  
00:00:00.480158 L1 Instr Cache Size:             0 KB
00:00:00.480159 L1 Data Cache Line Size:         0 bytes
00:00:00.480159 L1 Data Cache Lines Per Tag:     0
00:00:00.480159 L1 Data Cache Associativity:     res0  
00:00:00.480159 L1 Data Cache Size:              0 KB
00:00:00.480160 L2 TLB 2/4M Instr/Uni:           off       0 entries
00:00:00.480160 L2 TLB 2/4M Data:                off       0 entries
00:00:00.480161 L2 TLB 4K Instr/Uni:             off       0 entries
00:00:00.480161 L2 TLB 4K Data:                  off       0 entries
00:00:00.480161 L2 Cache Line Size:              0 bytes
00:00:00.480161 L2 Cache Lines Per Tag:          0
00:00:00.480162 L2 Cache Associativity:          off   
00:00:00.480162 L2 Cache Size:                   0 KB
00:00:00.480165   TS - Temperature Sensor                                 = 0 (0)
00:00:00.480166   FID - Frequency ID control                              = 0 (0)
00:00:00.480167   VID - Voltage ID control                                = 0 (0)
00:00:00.480168   TscInvariant - Invariant Time Stamp Counter             = 1 (1)
00:00:00.480168   CBP - Core Performance Boost                            = 0 (0)
00:00:00.480169   EffFreqRO - Read-only Effective Frequency Interface     = 0 (0)
00:00:00.480169   ProcFdbkIf - Processor Feedback Interface               = 0 (0)
00:00:00.480170   ProcPwrRep - Core power reporting interface support     = 0 (0)
00:00:00.480174 Physical Address Width:          45 bits
00:00:00.480174 Virtual Address Width:           48 bits
00:00:00.480174 Guest Physical Address Width:    0 bits
00:00:00.480174 Physical Core Count:             1
00:00:00.480180 
00:00:00.480180 ******************** End of CPUID dump **********************
00:00:00.480180 *********************** VT-x features ***********************
00:00:00.480191 Nested hardware virtualization - VMX features
00:00:00.480192   Mnemonic - Description                                  = guest (host)
00:00:00.480192   VMX - Virtual-Machine Extensions                        = 0 (1)
00:00:00.480192   InsOutInfo - INS/OUTS instruction info.                 = 0 (1)
00:00:00.480193   ExtIntExit - External interrupt exiting                 = 0 (1)
00:00:00.480193   NmiExit - NMI exiting                                   = 0 (1)
00:00:00.480194   VirtNmi - Virtual NMIs                                  = 0 (1)
00:00:00.480194   PreemptTimer - VMX preemption timer                     = 0 (0)
00:00:00.480195   PostedInt - Posted interrupts                           = 0 (0)
00:00:00.480195   IntWindowExit - Interrupt-window exiting                = 0 (1)
00:00:00.480196   TscOffsetting - TSC offsetting                          = 0 (1)
00:00:00.480196   HltExit - HLT exiting                                   = 0 (1)
00:00:00.480197   InvlpgExit - INVLPG exiting                             = 0 (1)
00:00:00.480197   MwaitExit - MWAIT exiting                               = 0 (1)
00:00:00.480197   RdpmcExit - RDPMC exiting                               = 0 (1)
00:00:00.480198   RdtscExit - RDTSC exiting                               = 0 (1)
00:00:00.480198   Cr3LoadExit - CR3-load exiting                          = 0 (1)
00:00:00.480199   Cr3StoreExit - CR3-store exiting                        = 0 (1)
00:00:00.480199   Cr8LoadExit  - CR8-load exiting                         = 0 (1)
00:00:00.480199   Cr8StoreExit - CR8-store exiting                        = 0 (1)
00:00:00.480200   UseTprShadow - Use TPR shadow                           = 0 (1)
00:00:00.480200   NmiWindowExit - NMI-window exiting                      = 0 (1)
00:00:00.480200   MovDRxExit - Mov-DR exiting                             = 0 (1)
00:00:00.480201   UncondIoExit - Unconditional I/O exiting                = 0 (1)
00:00:00.480201   UseIoBitmaps - Use I/O bitmaps                          = 0 (0)
00:00:00.480202   MonitorTrapFlag - Monitor Trap Flag                     = 0 (0)
00:00:00.480202   UseMsrBitmaps - MSR bitmaps                             = 0 (1)
00:00:00.480202   MonitorExit - MONITOR exiting                           = 0 (1)
00:00:00.480203   PauseExit - PAUSE exiting                               = 0 (1)
00:00:00.480203   SecondaryExecCtl - Activate secondary controls          = 0 (1)
00:00:00.480204   VirtApic - Virtualize-APIC accesses                     = 0 (0)
00:00:00.480204   Ept - Extended Page Tables                              = 0 (1)
00:00:00.480205   DescTableExit - Descriptor-table exiting                = 0 (1)
00:00:00.480205   Rdtscp - Enable RDTSCP                                  = 0 (1)
00:00:00.480206   VirtX2ApicMode - Virtualize-x2APIC mode                 = 0 (1)
00:00:00.480206   Vpid - Enable VPID                                      = 0 (1)
00:00:00.480206   WbinvdExit - WBINVD exiting                             = 0 (1)
00:00:00.480207   UnrestrictedGuest - Unrestricted guest                  = 0 (1)
00:00:00.480207   ApicRegVirt - APIC-register virtualization              = 0 (0)
00:00:00.480208   VirtIntDelivery - Virtual-interrupt delivery            = 0 (0)
00:00:00.480208   PauseLoopExit - PAUSE-loop exiting                      = 0 (1)
00:00:00.480209   RdrandExit - RDRAND exiting                             = 0 (1)
00:00:00.480209   Invpcid - Enable INVPCID                                = 0 (1)
00:00:00.480210   VmFuncs - Enable VM Functions                           = 0 (0)
00:00:00.480210   VmcsShadowing - VMCS shadowing                          = 0 (0)
00:00:00.480211   RdseedExiting - RDSEED exiting                          = 0 (0)
00:00:00.480211   PML - Page-Modification Log (PML)                       = 0 (0)
00:00:00.480211   EptVe - EPT violations can cause #VE                    = 0 (0)
00:00:00.480212   XsavesXRstors - Enable XSAVES/XRSTORS                   = 0 (0)
00:00:00.480212   EntryLoadDebugCtls - Load debug controls on VM-entry    = 0 (1)
00:00:00.480213   Ia32eModeGuest - IA-32e mode guest                      = 0 (1)
00:00:00.480213   EntryLoadEferMsr - Load IA32_EFER MSR on VM-entry       = 0 (1)
00:00:00.480213   EntryLoadPatMsr - Load IA32_PAT MSR on VM-entry         = 0 (1)
00:00:00.480214   ExitSaveDebugCtls - Save debug controls on VM-exit      = 0 (1)
00:00:00.480214   HostAddrSpaceSize - Host address-space size             = 0 (1)
00:00:00.480215   ExitAckExtInt - Acknowledge interrupt on VM-exit        = 0 (1)
00:00:00.480215   ExitSavePatMsr - Save IA32_PAT MSR on VM-exit           = 0 (1)
00:00:00.480215   ExitLoadPatMsr - Load IA32_PAT MSR on VM-exit           = 0 (1)
00:00:00.480216   ExitSaveEferMsr - Save IA32_EFER MSR on VM-exit         = 0 (1)
00:00:00.480216   ExitLoadEferMsr - Load IA32_EFER MSR on VM-exit         = 0 (1)
00:00:00.480217   SavePreemptTimer - Save VMX-preemption timer            = 0 (0)
00:00:00.480217   ExitSaveEferLma - Save IA32_EFER.LMA on VM-exit         = 0 (1)
00:00:00.480217   IntelPt - Intel PT (Processor Trace) in VMX operation   = 0 (0)
00:00:00.480218   VmwriteAll - VMWRITE to any supported VMCS field        = 0 (0)
00:00:00.480218   EntryInjectSoftInt - Inject softint. with 0-len instr.  = 0 (0)
00:00:00.480219 
00:00:00.480219 ******************* End of VT-x features ********************
00:00:00.480261 VMEmt: Halt method global1 (5)
00:00:00.480511 VMEmt: HaltedGlobal1 config: cNsSpinBlockThresholdCfg=2000
00:00:00.480571 Changing the VM state from 'CREATING' to 'CREATED'
00:00:00.486486 Audio: Initializing VRDE driver
00:00:00.486486 Changing the VM state from 'CREATED' to 'POWERING_ON'
00:00:00.490642 AIOMgr: Endpoints without assigned bandwidth groups:
00:00:00.490816 AIOMgr:     /home/a_guy/Demo_Project/JumpBox/.vdi
00:00:00.492257 Changing the VM state from 'POWERING_ON' to 'RUNNING'
00:00:00.492576 Console: Machine state changed to 'Running'
00:00:00.494672 VBoxHeadless: starting event loop
00:00:00.507224 VMMDev: Guest Log: BIOS: VirtualBox 6.1.36
00:00:00.509567 PCI: Setting up resources and interrupts
00:00:00.511427 PIT: mode=2 count=0x10000 (65536) - 18.20 Hz (ch=0)
00:00:00.607280 Display::i_handleDisplayResize: uScreenId=0 pvVRAM=0000000000000000 w=720 h=400 bpp=0 cbLine=0x0 flags=0x0 origin=0,0
00:00:00.629899 VMMDev: Guest Log: CPUID EDX: 0x078bfbff
00:00:00.647575 AHCI#0: Reset the HBA
00:00:00.647671 VD#0: Cancelling all active requests
00:00:00.649674 AHCI#0: Port 0 reset
00:00:00.650444 VD#0: Cancelling all active requests
00:00:00.667365 VMMDev: Guest Log: BIOS: AHCI 0-P#0: PCHS=16383/16/63 LCHS=1024/255/63 0x0000000009c40000 sectors
00:00:00.669768 AHCI#0: Port 1 reset
00:00:00.812741 AHCI#0: Port 2 reset
00:00:01.016436 AHCI#0: Port 3 reset
00:00:01.200444 AHCI#0: Port 4 reset
00:00:01.451066 AHCI#0: Port 5 reset
00:00:01.654815 AHCI#0: Port 6 reset
00:00:01.988334 AHCI#0: Port 7 reset
00:00:02.352431 AHCI#0: Port 8 reset
00:00:02.695034 AHCI#0: Port 9 reset
00:00:03.032666 AHCI#0: Port 10 reset
00:00:03.312546 AHCI#0: Port 11 reset
00:00:03.656474 AHCI#0: Port 12 reset
00:00:04.108478 AHCI#0: Port 13 reset
00:00:04.352459 AHCI#0: Port 14 reset
00:00:04.697257 AHCI#0: Port 15 reset
00:00:05.044444 AHCI#0: Port 16 reset
00:00:05.524529 AHCI#0: Port 17 reset
00:00:06.028575 AHCI#0: Port 18 reset
00:00:06.453559 AHCI#0: Port 19 reset
00:00:06.832362 AHCI#0: Port 20 reset
00:00:07.080340 AHCI#0: Port 21 reset
00:00:07.348360 AHCI#0: Port 22 reset
00:00:07.700480 AHCI#0: Port 23 reset
00:00:08.044505 AHCI#0: Port 24 reset
00:00:08.463566 AHCI#0: Port 25 reset
00:00:08.856663 AHCI#0: Port 26 reset
00:00:09.196374 AHCI#0: Port 27 reset
00:00:09.580412 AHCI#0: Port 28 reset
00:00:09.920577 AHCI#0: Port 29 reset
00:00:10.332525 PIT: mode=2 count=0x48d3 (18643) - 64.00 Hz (ch=0)
00:00:10.357531 Display::i_handleDisplayResize: uScreenId=0 pvVRAM=00007fab6c000000 w=640 h=480 bpp=32 cbLine=0xA00 flags=0x0 origin=0,0
00:00:11.198523 Display::i_handleDisplayResize: uScreenId=0 pvVRAM=0000000000000000 w=720 h=400 bpp=0 cbLine=0x0 flags=0x0 origin=0,0
00:00:11.214613 PIT: mode=2 count=0x10000 (65536) - 18.20 Hz (ch=0)
00:00:11.219426 VMMDev: Guest Log: BIOS: Boot : bseqnr=1, bootseq=0023
00:00:11.224263 VMMDev: Guest Log: BIOS: CDROM boot failure code : 0002
00:00:11.227866 VMMDev: Guest Log: BIOS: Boot from CD-ROM failed
00:00:11.232527 VMMDev: Guest Log: BIOS: Boot : bseqnr=2, bootseq=0002
00:00:11.238435 VMMDev: Guest Log: BIOS: Boot from Hard Disk 0 failed
00:00:11.251504 VMMDev: Guest Log: No bootable medium found! System halted.
